<?xml version="1.0" encoding="UTF-8"?>
<ns2:test-suite xmlns:ns2="urn:model.allure.qatools.yandex.ru" start="1492635489379" stop="1492635489532">
	<name>This is the suit desc</name>
	<title>This is the suit desc</title>
	<test-cases>
		<test-case start="1492635489379" stop="1492635489399" status="failed">
			<name>Angular Info abdul imran</name>
			<title>Angular Info abdul imran</title>
			<description></description>
			<labels>
			</labels>
			<parameters>
			</parameters>
			<steps>
			</steps>
			<attachments>
			</attachments>
			<failure>
				<message>Failed: toDoPage.go is not a function</message>
				<stack-trace>TypeError: toDoPage.go is not a function
    at Object.&lt;anonymous&gt; (C:\Users\iabdul\Downloads\imran\imran\example\projStr\TestCases\dataProviderExample_spec.js:12:14)
    at C:\Users\iabdul\AppData\Roaming\npm\node_modules\protractor\node_modules\jasminewd2\index.js:110:25
    at new ManagedPromise (C:\Users\iabdul\AppData\Roaming\npm\node_modules\protractor\node_modules\selenium-webdriver\lib\promise.js:1067:7)
    at ControlFlow.promise (C:\Users\iabdul\AppData\Roaming\npm\node_modules\protractor\node_modules\selenium-webdriver\lib\promise.js:2396:12)
    at schedulerExecute (C:\Users\iabdul\AppData\Roaming\npm\node_modules\protractor\node_modules\jasminewd2\index.js:95:18)
    at TaskQueue.execute_ (C:\Users\iabdul\AppData\Roaming\npm\node_modules\protractor\node_modules\selenium-webdriver\lib\promise.js:2970:14)
    at TaskQueue.executeNext_ (C:\Users\iabdul\AppData\Roaming\npm\node_modules\protractor\node_modules\selenium-webdriver\lib\promise.js:2953:27)
    at asyncRun (C:\Users\iabdul\AppData\Roaming\npm\node_modules\protractor\node_modules\selenium-webdriver\lib\promise.js:2860:25)
    at C:\Users\iabdul\AppData\Roaming\npm\node_modules\protractor\node_modules\selenium-webdriver\lib\promise.js:676:7
    at process._tickCallback (internal/process/next_tick.js:109:7)
From: Task: Run it(&quot;Angular Info abdul imran&quot;) in control flow
    at Object.&lt;anonymous&gt; (C:\Users\iabdul\AppData\Roaming\npm\node_modules\protractor\node_modules\jasminewd2\index.js:94:19)
    at attemptAsync (C:\Users\iabdul\AppData\Roaming\npm\node_modules\protractor\node_modules\jasmine-core\lib\jasmine-core\jasmine.js:1980:24)
    at QueueRunner.run (C:\Users\iabdul\AppData\Roaming\npm\node_modules\protractor\node_modules\jasmine-core\lib\jasmine-core\jasmine.js:1935:9)
    at QueueRunner.execute (C:\Users\iabdul\AppData\Roaming\npm\node_modules\protractor\node_modules\jasmine-core\lib\jasmine-core\jasmine.js:1923:10)
    at Spec.queueRunnerFactory (C:\Users\iabdul\AppData\Roaming\npm\node_modules\protractor\node_modules\jasmine-core\lib\jasmine-core\jasmine.js:714:35)
    at Spec.execute (C:\Users\iabdul\AppData\Roaming\npm\node_modules\protractor\node_modules\jasmine-core\lib\jasmine-core\jasmine.js:371:10)
    at Object.fn (C:\Users\iabdul\AppData\Roaming\npm\node_modules\protractor\node_modules\jasmine-core\lib\jasmine-core\jasmine.js:2579:37)
    at attemptAsync (C:\Users\iabdul\AppData\Roaming\npm\node_modules\protractor\node_modules\jasmine-core\lib\jasmine-core\jasmine.js:1980:24)
    at QueueRunner.run (C:\Users\iabdul\AppData\Roaming\npm\node_modules\protractor\node_modules\jasmine-core\lib\jasmine-core\jasmine.js:1935:9)
    at QueueRunner.execute (C:\Users\iabdul\AppData\Roaming\npm\node_modules\protractor\node_modules\jasmine-core\lib\jasmine-core\jasmine.js:1923:10)
From asynchronous test: 
Error
    at C:\Users\iabdul\Downloads\imran\imran\example\projStr\TestCases\dataProviderExample_spec.js:11:3
    at C:\Users\iabdul\Downloads\imran\imran\example\node_modules\jasmine-data-provider\src\index.js:37:22
    at Array.forEach (native)
    at C:\Users\iabdul\Downloads\imran\imran\example\node_modules\jasmine-data-provider\src\index.js:30:24
    at Suite.describe (C:\Users\iabdul\Downloads\imran\imran\example\projStr\TestCases\dataProviderExample_spec.js:9:4)
    at addSpecsToSuite (C:\Users\iabdul\AppData\Roaming\npm\node_modules\protractor\node_modules\jasmine-core\lib\jasmine-core\jasmine.js:867:25)
    at Env.describe (C:\Users\iabdul\AppData\Roaming\npm\node_modules\protractor\node_modules\jasmine-core\lib\jasmine-core\jasmine.js:836:7)
    at describe (C:\Users\iabdul\AppData\Roaming\npm\node_modules\protractor\node_modules\jasmine-core\lib\jasmine-core\jasmine.js:3576:18)
    at Object.&lt;anonymous&gt; (C:\Users\iabdul\Downloads\imran\imran\example\projStr\TestCases\dataProviderExample_spec.js:6:1)</stack-trace>
			</failure>
		</test-case>
		<test-case start="1492635489399" stop="1492635489532" status="failed">
			<name>Angular Info Imran Abdul</name>
			<title>Angular Info Imran Abdul</title>
			<description></description>
			<labels>
			</labels>
			<parameters>
			</parameters>
			<steps>
			</steps>
			<attachments>
			</attachments>
			<failure>
				<message>Failed: toDoPage.go is not a function</message>
				<stack-trace>TypeError: toDoPage.go is not a function
    at Object.&lt;anonymous&gt; (C:\Users\iabdul\Downloads\imran\imran\example\projStr\TestCases\dataProviderExample_spec.js:12:14)
    at C:\Users\iabdul\AppData\Roaming\npm\node_modules\protractor\node_modules\jasminewd2\index.js:110:25
    at new ManagedPromise (C:\Users\iabdul\AppData\Roaming\npm\node_modules\protractor\node_modules\selenium-webdriver\lib\promise.js:1067:7)
    at ControlFlow.promise (C:\Users\iabdul\AppData\Roaming\npm\node_modules\protractor\node_modules\selenium-webdriver\lib\promise.js:2396:12)
    at schedulerExecute (C:\Users\iabdul\AppData\Roaming\npm\node_modules\protractor\node_modules\jasminewd2\index.js:95:18)
    at TaskQueue.execute_ (C:\Users\iabdul\AppData\Roaming\npm\node_modules\protractor\node_modules\selenium-webdriver\lib\promise.js:2970:14)
    at TaskQueue.executeNext_ (C:\Users\iabdul\AppData\Roaming\npm\node_modules\protractor\node_modules\selenium-webdriver\lib\promise.js:2953:27)
    at asyncRun (C:\Users\iabdul\AppData\Roaming\npm\node_modules\protractor\node_modules\selenium-webdriver\lib\promise.js:2813:27)
    at C:\Users\iabdul\AppData\Roaming\npm\node_modules\protractor\node_modules\selenium-webdriver\lib\promise.js:676:7
    at process._tickCallback (internal/process/next_tick.js:109:7)
From: Task: Run it(&quot;Angular Info Imran Abdul&quot;) in control flow
    at Object.&lt;anonymous&gt; (C:\Users\iabdul\AppData\Roaming\npm\node_modules\protractor\node_modules\jasminewd2\index.js:94:19)
    at attemptAsync (C:\Users\iabdul\AppData\Roaming\npm\node_modules\protractor\node_modules\jasmine-core\lib\jasmine-core\jasmine.js:1980:24)
    at QueueRunner.run (C:\Users\iabdul\AppData\Roaming\npm\node_modules\protractor\node_modules\jasmine-core\lib\jasmine-core\jasmine.js:1935:9)
    at QueueRunner.execute (C:\Users\iabdul\AppData\Roaming\npm\node_modules\protractor\node_modules\jasmine-core\lib\jasmine-core\jasmine.js:1923:10)
    at Spec.queueRunnerFactory (C:\Users\iabdul\AppData\Roaming\npm\node_modules\protractor\node_modules\jasmine-core\lib\jasmine-core\jasmine.js:714:35)
    at Spec.execute (C:\Users\iabdul\AppData\Roaming\npm\node_modules\protractor\node_modules\jasmine-core\lib\jasmine-core\jasmine.js:371:10)
    at Object.fn (C:\Users\iabdul\AppData\Roaming\npm\node_modules\protractor\node_modules\jasmine-core\lib\jasmine-core\jasmine.js:2579:37)
    at attemptAsync (C:\Users\iabdul\AppData\Roaming\npm\node_modules\protractor\node_modules\jasmine-core\lib\jasmine-core\jasmine.js:1980:24)
    at QueueRunner.run (C:\Users\iabdul\AppData\Roaming\npm\node_modules\protractor\node_modules\jasmine-core\lib\jasmine-core\jasmine.js:1935:9)
    at C:\Users\iabdul\AppData\Roaming\npm\node_modules\protractor\node_modules\jasmine-core\lib\jasmine-core\jasmine.js:1962:16
From asynchronous test: 
Error
    at C:\Users\iabdul\Downloads\imran\imran\example\projStr\TestCases\dataProviderExample_spec.js:11:3
    at C:\Users\iabdul\Downloads\imran\imran\example\node_modules\jasmine-data-provider\src\index.js:37:22
    at Array.forEach (native)
    at C:\Users\iabdul\Downloads\imran\imran\example\node_modules\jasmine-data-provider\src\index.js:30:24
    at Suite.describe (C:\Users\iabdul\Downloads\imran\imran\example\projStr\TestCases\dataProviderExample_spec.js:9:4)
    at addSpecsToSuite (C:\Users\iabdul\AppData\Roaming\npm\node_modules\protractor\node_modules\jasmine-core\lib\jasmine-core\jasmine.js:867:25)
    at Env.describe (C:\Users\iabdul\AppData\Roaming\npm\node_modules\protractor\node_modules\jasmine-core\lib\jasmine-core\jasmine.js:836:7)
    at describe (C:\Users\iabdul\AppData\Roaming\npm\node_modules\protractor\node_modules\jasmine-core\lib\jasmine-core\jasmine.js:3576:18)
    at Object.&lt;anonymous&gt; (C:\Users\iabdul\Downloads\imran\imran\example\projStr\TestCases\dataProviderExample_spec.js:6:1)</stack-trace>
			</failure>
		</test-case>
	</test-cases>
</ns2:test-suite>